<?xml version="1.0" encoding="UTF-8"?>
<!-- Generated by org.testng.reporters.JUnitReportReporter -->
<testsuite skipped="0" hostname="ITEM-S73714" name="testpackage.TestClass" tests="2" failures="0" timestamp="26 Mar 2020 07:35:10 GMT" time="0.110" errors="0">
  <testcase name="test" time="0.109" classname="testpackage.TestClass"/>
  <testcase name="test2" time="0.001" classname="testpackage.TestClass"/>
</testsuite> <!-- testpackage.TestClass -->
